# JRE version: Java(TM) SE Runtime Environment (8.0_101-b13) (build 1.8.0_101-b13)
# Java VM: Java HotSpot(TM) 64-Bit Server VM (25.101-b13 mixed mode windows-amd64 compressed oops)
Heap:
 PSYoungGen      total 53760K, used 19655K [0x00000000e0500000, 0x00000000e4d00000, 0x0000000100000000)
  eden space 36352K, 18% used [0x00000000e0500000,0x00000000e0b69c98,0x00000000e2880000)
  from space 17408K, 75% used [0x00000000e3a80000,0x00000000e4748040,0x00000000e4b80000)
  to   space 18432K, 0% used [0x00000000e2880000,0x00000000e2880000,0x00000000e3a80000)
 ParOldGen       total 150528K, used 106135K [0x00000000a0e00000, 0x00000000aa100000, 0x00000000e0500000)
  object space 150528K, 70% used [0x00000000a0e00000,0x00000000a75a5f98,0x00000000aa100000)
 Metaspace       used 20456K, capacity 21128K, committed 21248K, reserved 1069056K
  class space    used 2324K, capacity 2518K, committed 2560K, reserved 1048576K
GC Heap History (10 events):
Event: 372.041 GC heap before
{Heap before GC invocations=53 (full 3):
 PSYoungGen      total 49152K, used 48672K [0x00000000e0500000, 0x00000000e4a80000, 0x0000000100000000)
  eden space 41472K, 100% used [0x00000000e0500000,0x00000000e2d80000,0x00000000e2d80000)
  from space 7680K, 93% used [0x00000000e2e80000,0x00000000e3588040,0x00000000e3600000)
  to   space 14848K, 0% used [0x00000000e3c00000,0x00000000e3c00000,0x00000000e4a80000)
 ParOldGen       total 150528K, used 106135K [0x00000000a0e00000, 0x00000000aa100000, 0x00000000e0500000)
  object space 150528K, 70% used [0x00000000a0e00000,0x00000000a75a5f98,0x00000000aa100000)
 Metaspace       used 20456K, capacity 21128K, committed 21248K, reserved 1069056K
  class space    used 2324K, capacity 2518K, committed 2560K, reserved 1048576K
Event: 372.055 GC heap after
Heap after GC invocations=53 (full 3):
 PSYoungGen      total 54272K, used 8256K [0x00000000e0500000, 0x00000000e4980000, 0x0000000100000000)
  eden space 40448K, 0% used [0x00000000e0500000,0x00000000e0500000,0x00000000e2c80000)
  from space 13824K, 59% used [0x00000000e3c00000,0x00000000e4410040,0x00000000e4980000)
  to   space 14848K, 0% used [0x00000000e2c80000,0x00000000e2c80000,0x00000000e3b00000)
 ParOldGen       total 150528K, used 106135K [0x00000000a0e00000, 0x00000000aa100000, 0x00000000e0500000)
  object space 150528K, 70% used [0x00000000a0e00000,0x00000000a75a5f98,0x00000000aa100000)
 Metaspace       used 20456K, capacity 21128K, committed 21248K, reserved 1069056K
  class space    used 2324K, capacity 2518K, committed 2560K, reserved 1048576K
}
Event: 391.437 GC heap before
{Heap before GC invocations=54 (full 3):
 PSYoungGen      total 54272K, used 48704K [0x00000000e0500000, 0x00000000e4980000, 0x0000000100000000)
  eden space 40448K, 100% used [0x00000000e0500000,0x00000000e2c80000,0x00000000e2c80000)
  from space 13824K, 59% used [0x00000000e3c00000,0x00000000e4410040,0x00000000e4980000)
  to   space 14848K, 0% used [0x00000000e2c80000,0x00000000e2c80000,0x00000000e3b00000)
 ParOldGen       total 150528K, used 106135K [0x00000000a0e00000, 0x00000000aa100000, 0x00000000e0500000)
  object space 150528K, 70% used [0x00000000a0e00000,0x00000000a75a5f98,0x00000000aa100000)
 Metaspace       used 20456K, capacity 21128K, committed 21248K, reserved 1069056K
  class space    used 2324K, capacity 2518K, committed 2560K, reserved 1048576K
Event: 391.454 GC heap after
Heap after GC invocations=54 (full 3):
 PSYoungGen      total 49152K, used 9504K [0x00000000e0500000, 0x00000000e4980000, 0x0000000100000000)
  eden space 39424K, 0% used [0x00000000e0500000,0x00000000e0500000,0x00000000e2b80000)
  from space 9728K, 97% used [0x00000000e2c80000,0x00000000e35c8040,0x00000000e3600000)
  to   space 15360K, 0% used [0x00000000e3a80000,0x00000000e3a80000,0x00000000e4980000)
 ParOldGen       total 150528K, used 106135K [0x00000000a0e00000, 0x00000000aa100000, 0x00000000e0500000)
  object space 150528K, 70% used [0x00000000a0e00000,0x00000000a75a5f98,0x00000000aa100000)
 Metaspace       used 20456K, capacity 21128K, committed 21248K, reserved 1069056K
  class space    used 2324K, capacity 2518K, committed 2560K, reserved 1048576K
}
Event: 412.415 GC heap before
{Heap before GC invocations=55 (full 3):
 PSYoungGen      total 49152K, used 48928K [0x00000000e0500000, 0x00000000e4980000, 0x0000000100000000)
  eden space 39424K, 100% used [0x00000000e0500000,0x00000000e2b80000,0x00000000e2b80000)
  from space 9728K, 97% used [0x00000000e2c80000,0x00000000e35c8040,0x00000000e3600000)
  to   space 15360K, 0% used [0x00000000e3a80000,0x00000000e3a80000,0x00000000e4980000)
 ParOldGen       total 150528K, used 106135K [0x00000000a0e00000, 0x00000000aa100000, 0x00000000e0500000)
  object space 150528K, 70% used [0x00000000a0e00000,0x00000000a75a5f98,0x00000000aa100000)
 Metaspace       used 20456K, capacity 21128K, committed 21248K, reserved 1069056K
  class space    used 2324K, capacity 2518K, committed 2560K, reserved 1048576K
Event: 412.431 GC heap after
Heap after GC invocations=55 (full 3):
 PSYoungGen      total 53760K, used 10912K [0x00000000e0500000, 0x00000000e4a80000, 0x0000000100000000)
  eden space 38400K, 0% used [0x00000000e0500000,0x00000000e0500000,0x00000000e2a80000)
  from space 15360K, 71% used [0x00000000e3a80000,0x00000000e4528040,0x00000000e4980000)
  to   space 16384K, 0% used [0x00000000e2a80000,0x00000000e2a80000,0x00000000e3a80000)
 ParOldGen       total 150528K, used 106135K [0x00000000a0e00000, 0x00000000aa100000, 0x00000000e0500000)
  object space 150528K, 70% used [0x00000000a0e00000,0x00000000a75a5f98,0x00000000aa100000)
 Metaspace       used 20456K, capacity 21128K, committed 21248K, reserved 1069056K
  class space    used 2324K, capacity 2518K, committed 2560K, reserved 1048576K
}
Event: 442.149 GC heap before
{Heap before GC invocations=56 (full 3):
 PSYoungGen      total 53760K, used 49312K [0x00000000e0500000, 0x00000000e4a80000, 0x0000000100000000)
  eden space 38400K, 100% used [0x00000000e0500000,0x00000000e2a80000,0x00000000e2a80000)
  from space 15360K, 71% used [0x00000000e3a80000,0x00000000e4528040,0x00000000e4980000)
  to   space 16384K, 0% used [0x00000000e2a80000,0x00000000e2a80000,0x00000000e3a80000)
 ParOldGen       total 150528K, used 106135K [0x00000000a0e00000, 0x00000000aa100000, 0x00000000e0500000)
  object space 150528K, 70% used [0x00000000a0e00000,0x00000000a75a5f98,0x00000000aa100000)
 Metaspace       used 20456K, capacity 21128K, committed 21248K, reserved 1069056K
  class space    used 2324K, capacity 2518K, committed 2560K, reserved 1048576K
Event: 442.168 GC heap after
Heap after GC invocations=56 (full 3):
 PSYoungGen      total 53760K, used 12064K [0x00000000e0500000, 0x00000000e4b80000, 0x0000000100000000)
  eden space 37376K, 0% used [0x00000000e0500000,0x00000000e0500000,0x00000000e2980000)
  from space 16384K, 73% used [0x00000000e2a80000,0x00000000e3648040,0x00000000e3a80000)
  to   space 17408K, 0% used [0x00000000e3a80000,0x00000000e3a80000,0x00000000e4b80000)
 ParOldGen       total 150528K, used 106135K [0x00000000a0e00000, 0x00000000aa100000, 0x00000000e0500000)
  object space 150528K, 70% used [0x00000000a0e00000,0x00000000a75a5f98,0x00000000aa100000)
 Metaspace       used 20456K, capacity 21128K, committed 21248K, reserved 1069056K
  class space    used 2324K, capacity 2518K, committed 2560K, reserved 1048576K
}
Event: 530.796 GC heap before
{Heap before GC invocations=57 (full 3):
 PSYoungGen      total 53760K, used 49440K [0x00000000e0500000, 0x00000000e4b80000, 0x0000000100000000)
  eden space 37376K, 100% used [0x00000000e0500000,0x00000000e2980000,0x00000000e2980000)
  from space 16384K, 73% used [0x00000000e2a80000,0x00000000e3648040,0x00000000e3a80000)
  to   space 17408K, 0% used [0x00000000e3a80000,0x00000000e3a80000,0x00000000e4b80000)
 ParOldGen       total 150528K, used 106135K [0x00000000a0e00000, 0x00000000aa100000, 0x00000000e0500000)
  object space 150528K, 70% used [0x00000000a0e00000,0x00000000a75a5f98,0x00000000aa100000)
 Metaspace       used 20456K, capacity 21128K, committed 21248K, reserved 1069056K
  class space    used 2324K, capacity 2518K, committed 2560K, reserved 1048576K
Event: 530.819 GC heap after
Heap after GC invocations=57 (full 3):
 PSYoungGen      total 53760K, used 13088K [0x00000000e0500000, 0x00000000e4d00000, 0x0000000100000000)
  eden space 36352K, 0% used [0x00000000e0500000,0x00000000e0500000,0x00000000e2880000)
  from space 17408K, 75% used [0x00000000e3a80000,0x00000000e4748040,0x00000000e4b80000)
  to   space 18432K, 0% used [0x00000000e2880000,0x00000000e2880000,0x00000000e3a80000)
 ParOldGen       total 150528K, used 106135K [0x00000000a0e00000, 0x00000000aa100000, 0x00000000e0500000)
  object space 150528K, 70% used [0x00000000a0e00000,0x00000000a75a5f98,0x00000000aa100000)
 Metaspace       used 20456K, capacity 21128K, committed 21248K, reserved 1069056K
  class space    used 2324K, capacity 2518K, committed 2560K, reserved 1048576K
}

